{"C:\\Users\\TJ\\Desktop\\CODING_ALL\\Node_CLI\\projectforge-cli\\templates\\js_server_sql\\server.js": {"path":"C:\\Users\\TJ\\Desktop\\CODING_ALL\\Node_CLI\\projectforge-cli\\templates\\js_server_sql\\server.js","statementMap":{"0":{"start":{"line":1,"column":16},"end":{"line":1,"column":34}},"1":{"start":{"line":2,"column":13},"end":{"line":2,"column":28}},"2":{"start":{"line":3,"column":21},"end":{"line":3,"column":45}},"3":{"start":{"line":5,"column":15},"end":{"line":5,"column":45}},"4":{"start":{"line":6,"column":18},"end":{"line":6,"column":48}},"5":{"start":{"line":8,"column":12},"end":{"line":8,"column":21}},"6":{"start":{"line":10,"column":0},"end":{"line":10,"column":34}},"7":{"start":{"line":12,"column":0},"end":{"line":12,"column":49}},"8":{"start":{"line":13,"column":0},"end":{"line":13,"column":24}},"9":{"start":{"line":14,"column":0},"end":{"line":17,"column":4}},"10":{"start":{"line":19,"column":0},"end":{"line":19,"column":24}},"11":{"start":{"line":21,"column":0},"end":{"line":21,"column":16}},"12":{"start":{"line":23,"column":20},"end":{"line":41,"column":3}},"13":{"start":{"line":24,"column":4},"end":{"line":40,"column":5}},"14":{"start":{"line":25,"column":19},"end":{"line":25,"column":43}},"15":{"start":{"line":28,"column":6},"end":{"line":28,"column":37}},"16":{"start":{"line":29,"column":6},"end":{"line":29,"column":83}},"17":{"start":{"line":33,"column":6},"end":{"line":33,"column":45}},"18":{"start":{"line":35,"column":6},"end":{"line":37,"column":9}},"19":{"start":{"line":36,"column":8},"end":{"line":36,"column":54}},"20":{"start":{"line":39,"column":6},"end":{"line":39,"column":65}},"21":{"start":{"line":44,"column":2},"end":{"line":44,"column":16}},"22":{"start":{"line":46,"column":0},"end":{"line":46,"column":21}}},"fnMap":{"0":{"name":"(anonymous_0)","decl":{"start":{"line":23,"column":20},"end":{"line":23,"column":21}},"loc":{"start":{"line":23,"column":32},"end":{"line":41,"column":3}},"line":23},"1":{"name":"(anonymous_1)","decl":{"start":{"line":35,"column":23},"end":{"line":35,"column":24}},"loc":{"start":{"line":35,"column":29},"end":{"line":37,"column":7}},"line":35}},"branchMap":{"0":{"loc":{"start":{"line":25,"column":19},"end":{"line":25,"column":43}},"type":"binary-expr","locations":[{"start":{"line":25,"column":19},"end":{"line":25,"column":35}},{"start":{"line":25,"column":39},"end":{"line":25,"column":43}}],"line":25}},"s":{"0":1,"1":1,"2":1,"3":1,"4":1,"5":1,"6":1,"7":1,"8":1,"9":1,"10":1,"11":1,"12":1,"13":1,"14":1,"15":1,"16":1,"17":1,"18":1,"19":1,"20":0,"21":1,"22":1},"f":{"0":1,"1":1},"b":{"0":[1,1]},"_coverageSchema":"1a1c01bbd47fc00a2c39e90264f33305004495a9","hash":"8824d190c32f46f256b0daaa942374c9e48b5d6f"}
,"C:\\Users\\TJ\\Desktop\\CODING_ALL\\Node_CLI\\projectforge-cli\\templates\\js_server_sql\\config\\connection.js": {"path":"C:\\Users\\TJ\\Desktop\\CODING_ALL\\Node_CLI\\projectforge-cli\\templates\\js_server_sql\\config\\connection.js","statementMap":{"0":{"start":{"line":1,"column":22},"end":{"line":1,"column":42}},"1":{"start":{"line":2,"column":14},"end":{"line":2,"column":39}},"2":{"start":{"line":4,"column":0},"end":{"line":4,"column":27}},"3":{"start":{"line":6,"column":13},"end":{"line":6,"column":32}},"4":{"start":{"line":7,"column":13},"end":{"line":7,"column":17}},"5":{"start":{"line":8,"column":13},"end":{"line":8,"column":24}},"6":{"start":{"line":9,"column":17},"end":{"line":9,"column":40}},"7":{"start":{"line":10,"column":16},"end":{"line":10,"column":35}},"8":{"start":{"line":21,"column":23},"end":{"line":21,"column":84}},"9":{"start":{"line":22,"column":4},"end":{"line":22,"column":37}},"10":{"start":{"line":24,"column":4},"end":{"line":24,"column":76}},"11":{"start":{"line":25,"column":4},"end":{"line":25,"column":34}},"12":{"start":{"line":27,"column":2},"end":{"line":41,"column":3}},"13":{"start":{"line":28,"column":4},"end":{"line":28,"column":54}},"14":{"start":{"line":31,"column":4},"end":{"line":40,"column":6}},"15":{"start":{"line":43,"column":0},"end":{"line":43,"column":14}},"16":{"start":{"line":45,"column":0},"end":{"line":45,"column":27}}},"fnMap":{"0":{"name":"initalizeDB","decl":{"start":{"line":20,"column":15},"end":{"line":20,"column":26}},"loc":{"start":{"line":20,"column":29},"end":{"line":26,"column":1}},"line":20}},"branchMap":{"0":{"loc":{"start":{"line":27,"column":2},"end":{"line":41,"column":3}},"type":"if","locations":[{"start":{"line":27,"column":2},"end":{"line":41,"column":3}},{"start":{"line":29,"column":9},"end":{"line":41,"column":3}}],"line":27}},"s":{"0":2,"1":2,"2":2,"3":2,"4":2,"5":2,"6":2,"7":2,"8":2,"9":2,"10":2,"11":2,"12":2,"13":0,"14":2,"15":2,"16":2},"f":{"0":2},"b":{"0":[0,2]},"_coverageSchema":"1a1c01bbd47fc00a2c39e90264f33305004495a9","hash":"b1756ab41e9d6f5e27fa70ebd33fe0ba5b3d88ca"}
,"C:\\Users\\TJ\\Desktop\\CODING_ALL\\Node_CLI\\projectforge-cli\\templates\\js_server_sql\\controllers\\index.js": {"path":"C:\\Users\\TJ\\Desktop\\CODING_ALL\\Node_CLI\\projectforge-cli\\templates\\js_server_sql\\controllers\\index.js","statementMap":{"0":{"start":{"line":1,"column":15},"end":{"line":1,"column":42}},"1":{"start":{"line":3,"column":19},"end":{"line":3,"column":36}},"2":{"start":{"line":4,"column":18},"end":{"line":4,"column":34}},"3":{"start":{"line":6,"column":0},"end":{"line":6,"column":32}},"4":{"start":{"line":7,"column":0},"end":{"line":7,"column":30}},"5":{"start":{"line":9,"column":0},"end":{"line":9,"column":24}}},"fnMap":{},"branchMap":{},"s":{"0":1,"1":1,"2":1,"3":1,"4":1,"5":1},"f":{},"b":{},"_coverageSchema":"1a1c01bbd47fc00a2c39e90264f33305004495a9","hash":"b27642e3ea9ae4d546c8c2b497df978c6e689aaf"}
,"C:\\Users\\TJ\\Desktop\\CODING_ALL\\Node_CLI\\projectforge-cli\\templates\\js_server_sql\\controllers\\api\\index.js": {"path":"C:\\Users\\TJ\\Desktop\\CODING_ALL\\Node_CLI\\projectforge-cli\\templates\\js_server_sql\\controllers\\api\\index.js","statementMap":{"0":{"start":{"line":1,"column":15},"end":{"line":1,"column":42}},"1":{"start":{"line":7,"column":0},"end":{"line":7,"column":24}}},"fnMap":{},"branchMap":{},"s":{"0":1,"1":1},"f":{},"b":{},"_coverageSchema":"1a1c01bbd47fc00a2c39e90264f33305004495a9","hash":"a0170b851ae5734c94709c93507f4ba4286d4d15"}
,"C:\\Users\\TJ\\Desktop\\CODING_ALL\\Node_CLI\\projectforge-cli\\templates\\js_server_sql\\controllers\\user\\auth.js": {"path":"C:\\Users\\TJ\\Desktop\\CODING_ALL\\Node_CLI\\projectforge-cli\\templates\\js_server_sql\\controllers\\user\\auth.js","statementMap":{"0":{"start":{"line":1,"column":15},"end":{"line":1,"column":42}},"1":{"start":{"line":2,"column":13},"end":{"line":2,"column":41}},"2":{"start":{"line":3,"column":15},"end":{"line":3,"column":32}},"3":{"start":{"line":4,"column":15},"end":{"line":4,"column":32}},"4":{"start":{"line":5,"column":0},"end":{"line":5,"column":16}},"5":{"start":{"line":7,"column":10},"end":{"line":7,"column":33}},"6":{"start":{"line":11,"column":18},"end":{"line":11,"column":37}},"7":{"start":{"line":14,"column":0},"end":{"line":38,"column":3}},"8":{"start":{"line":15,"column":2},"end":{"line":37,"column":3}},"9":{"start":{"line":16,"column":25},"end":{"line":18,"column":6}},"10":{"start":{"line":20,"column":4},"end":{"line":24,"column":5}},"11":{"start":{"line":21,"column":6},"end":{"line":23,"column":66}},"12":{"start":{"line":27,"column":4},"end":{"line":27,"column":31}},"13":{"start":{"line":30,"column":4},"end":{"line":30,"column":36}},"14":{"start":{"line":33,"column":4},"end":{"line":33,"column":77}},"15":{"start":{"line":35,"column":4},"end":{"line":35,"column":48}},"16":{"start":{"line":36,"column":4},"end":{"line":36,"column":70}},"17":{"start":{"line":41,"column":0},"end":{"line":86,"column":3}},"18":{"start":{"line":42,"column":30},"end":{"line":42,"column":38}},"19":{"start":{"line":44,"column":2},"end":{"line":85,"column":3}},"20":{"start":{"line":46,"column":17},"end":{"line":48,"column":6}},"21":{"start":{"line":50,"column":4},"end":{"line":54,"column":5}},"22":{"start":{"line":51,"column":6},"end":{"line":53,"column":61}},"23":{"start":{"line":57,"column":28},"end":{"line":60,"column":5}},"24":{"start":{"line":62,"column":4},"end":{"line":81,"column":5}},"25":{"start":{"line":63,"column":6},"end":{"line":65,"column":61}},"26":{"start":{"line":68,"column":22},"end":{"line":70,"column":8}},"27":{"start":{"line":73,"column":6},"end":{"line":77,"column":9}},"28":{"start":{"line":80,"column":6},"end":{"line":80,"column":67}},"29":{"start":{"line":83,"column":4},"end":{"line":83,"column":48}},"30":{"start":{"line":84,"column":4},"end":{"line":84,"column":70}},"31":{"start":{"line":89,"column":0},"end":{"line":101,"column":3}},"32":{"start":{"line":90,"column":16},"end":{"line":90,"column":42}},"33":{"start":{"line":91,"column":2},"end":{"line":100,"column":3}},"34":{"start":{"line":92,"column":4},"end":{"line":97,"column":5}},"35":{"start":{"line":93,"column":22},"end":{"line":93,"column":50}},"36":{"start":{"line":94,"column":6},"end":{"line":94,"column":74}},"37":{"start":{"line":96,"column":6},"end":{"line":96,"column":68}},"38":{"start":{"line":99,"column":4},"end":{"line":99,"column":59}},"39":{"start":{"line":104,"column":0},"end":{"line":115,"column":3}},"40":{"start":{"line":105,"column":2},"end":{"line":114,"column":3}},"41":{"start":{"line":106,"column":6},"end":{"line":109,"column":9}},"42":{"start":{"line":111,"column":6},"end":{"line":111,"column":61}},"43":{"start":{"line":113,"column":4},"end":{"line":113,"column":60}},"44":{"start":{"line":117,"column":0},"end":{"line":117,"column":24}}},"fnMap":{"0":{"name":"(anonymous_0)","decl":{"start":{"line":14,"column":23},"end":{"line":14,"column":24}},"loc":{"start":{"line":14,"column":43},"end":{"line":38,"column":1}},"line":14},"1":{"name":"(anonymous_1)","decl":{"start":{"line":41,"column":22},"end":{"line":41,"column":23}},"loc":{"start":{"line":41,"column":42},"end":{"line":86,"column":1}},"line":41},"2":{"name":"(anonymous_2)","decl":{"start":{"line":89,"column":26},"end":{"line":89,"column":27}},"loc":{"start":{"line":89,"column":46},"end":{"line":101,"column":1}},"line":89},"3":{"name":"(anonymous_3)","decl":{"start":{"line":104,"column":23},"end":{"line":104,"column":24}},"loc":{"start":{"line":104,"column":43},"end":{"line":115,"column":1}},"line":104}},"branchMap":{"0":{"loc":{"start":{"line":20,"column":4},"end":{"line":24,"column":5}},"type":"if","locations":[{"start":{"line":20,"column":4},"end":{"line":24,"column":5}},{"start":{},"end":{}}],"line":20},"1":{"loc":{"start":{"line":50,"column":4},"end":{"line":54,"column":5}},"type":"if","locations":[{"start":{"line":50,"column":4},"end":{"line":54,"column":5}},{"start":{},"end":{}}],"line":50},"2":{"loc":{"start":{"line":62,"column":4},"end":{"line":81,"column":5}},"type":"if","locations":[{"start":{"line":62,"column":4},"end":{"line":81,"column":5}},{"start":{"line":66,"column":11},"end":{"line":81,"column":5}}],"line":62},"3":{"loc":{"start":{"line":91,"column":2},"end":{"line":100,"column":3}},"type":"if","locations":[{"start":{"line":91,"column":2},"end":{"line":100,"column":3}},{"start":{"line":98,"column":9},"end":{"line":100,"column":3}}],"line":91}},"s":{"0":1,"1":1,"2":1,"3":1,"4":1,"5":1,"6":1,"7":1,"8":2,"9":2,"10":2,"11":1,"12":1,"13":1,"14":1,"15":0,"16":0,"17":1,"18":4,"19":4,"20":4,"21":4,"22":1,"23":3,"24":3,"25":1,"26":2,"27":2,"28":2,"29":0,"30":0,"31":1,"32":4,"33":4,"34":3,"35":3,"36":1,"37":2,"38":1,"39":1,"40":1,"41":1,"42":1,"43":0,"44":1},"f":{"0":2,"1":4,"2":4,"3":1},"b":{"0":[1,1],"1":[1,3],"2":[1,2],"3":[3,1]},"_coverageSchema":"1a1c01bbd47fc00a2c39e90264f33305004495a9","hash":"a57e8596d2c40b558fa57bd6787aec5aced73ab5"}
,"C:\\Users\\TJ\\Desktop\\CODING_ALL\\Node_CLI\\projectforge-cli\\templates\\js_server_sql\\controllers\\user\\index.js": {"path":"C:\\Users\\TJ\\Desktop\\CODING_ALL\\Node_CLI\\projectforge-cli\\templates\\js_server_sql\\controllers\\user\\index.js","statementMap":{"0":{"start":{"line":1,"column":15},"end":{"line":1,"column":42}},"1":{"start":{"line":3,"column":19},"end":{"line":3,"column":36}},"2":{"start":{"line":5,"column":0},"end":{"line":5,"column":32}},"3":{"start":{"line":7,"column":0},"end":{"line":7,"column":24}}},"fnMap":{},"branchMap":{},"s":{"0":1,"1":1,"2":1,"3":1},"f":{},"b":{},"_coverageSchema":"1a1c01bbd47fc00a2c39e90264f33305004495a9","hash":"ca195bd4a819cb3553a21ced315a1fb89e549752"}
,"C:\\Users\\TJ\\Desktop\\CODING_ALL\\Node_CLI\\projectforge-cli\\templates\\js_server_sql\\models\\user.js": {"path":"C:\\Users\\TJ\\Desktop\\CODING_ALL\\Node_CLI\\projectforge-cli\\templates\\js_server_sql\\models\\user.js","statementMap":{"0":{"start":{"line":1,"column":29},"end":{"line":1,"column":49}},"1":{"start":{"line":2,"column":15},"end":{"line":2,"column":32}},"2":{"start":{"line":3,"column":18},"end":{"line":3,"column":49}},"3":{"start":{"line":8,"column":4},"end":{"line":8,"column":60}},"4":{"start":{"line":12,"column":0},"end":{"line":51,"column":2}},"5":{"start":{"line":41,"column":8},"end":{"line":41,"column":75}},"6":{"start":{"line":42,"column":8},"end":{"line":42,"column":27}},"7":{"start":{"line":53,"column":0},"end":{"line":53,"column":22}}},"fnMap":{"0":{"name":"(anonymous_0)","decl":{"start":{"line":7,"column":2},"end":{"line":7,"column":3}},"loc":{"start":{"line":7,"column":31},"end":{"line":9,"column":3}},"line":7},"1":{"name":"(anonymous_1)","decl":{"start":{"line":40,"column":20},"end":{"line":40,"column":21}},"loc":{"start":{"line":40,"column":43},"end":{"line":43,"column":7}},"line":40}},"branchMap":{},"s":{"0":1,"1":1,"2":1,"3":0,"4":1,"5":0,"6":0,"7":1},"f":{"0":0,"1":0},"b":{},"_coverageSchema":"1a1c01bbd47fc00a2c39e90264f33305004495a9","hash":"b74c86da29f35b8426ebcf7378d5b7d673334093"}
}
