TN:
SF:server.js
FN:23,(anonymous_0)
FN:35,(anonymous_1)
FNF:2
FNH:2
FNDA:1,(anonymous_0)
FNDA:1,(anonymous_1)
DA:1,1
DA:2,1
DA:3,1
DA:5,1
DA:6,1
DA:8,1
DA:10,1
DA:12,1
DA:13,1
DA:14,1
DA:19,1
DA:21,1
DA:23,1
DA:24,1
DA:25,1
DA:28,1
DA:29,1
DA:33,1
DA:35,1
DA:36,1
DA:39,0
DA:44,1
DA:46,1
LF:23
LH:22
BRDA:25,0,0,1
BRDA:25,0,1,1
BRF:2
BRH:2
end_of_record
TN:
SF:config\connection.js
FN:20,initalizeDB
FNF:1
FNH:1
FNDA:2,initalizeDB
DA:1,2
DA:2,2
DA:4,2
DA:6,2
DA:7,2
DA:8,2
DA:9,2
DA:10,2
DA:21,2
DA:22,2
DA:24,2
DA:25,2
DA:27,2
DA:28,0
DA:31,2
DA:43,2
DA:45,2
LF:17
LH:16
BRDA:27,0,0,0
BRDA:27,0,1,2
BRF:2
BRH:1
end_of_record
TN:
SF:controllers\index.js
FNF:0
FNH:0
DA:1,1
DA:3,1
DA:4,1
DA:6,1
DA:7,1
DA:9,1
LF:6
LH:6
BRF:0
BRH:0
end_of_record
TN:
SF:controllers\api\index.js
FNF:0
FNH:0
DA:1,1
DA:7,1
LF:2
LH:2
BRF:0
BRH:0
end_of_record
TN:
SF:controllers\user\auth.js
FN:14,(anonymous_0)
FN:41,(anonymous_1)
FN:89,(anonymous_2)
FN:104,(anonymous_3)
FNF:4
FNH:4
FNDA:2,(anonymous_0)
FNDA:4,(anonymous_1)
FNDA:4,(anonymous_2)
FNDA:1,(anonymous_3)
DA:1,1
DA:2,1
DA:3,1
DA:4,1
DA:5,1
DA:7,1
DA:11,1
DA:14,1
DA:15,2
DA:16,2
DA:20,2
DA:21,1
DA:27,1
DA:30,1
DA:33,1
DA:35,0
DA:36,0
DA:41,1
DA:42,4
DA:44,4
DA:46,4
DA:50,4
DA:51,1
DA:57,3
DA:62,3
DA:63,1
DA:68,2
DA:73,2
DA:80,2
DA:83,0
DA:84,0
DA:89,1
DA:90,4
DA:91,4
DA:92,3
DA:93,3
DA:94,1
DA:96,2
DA:99,1
DA:104,1
DA:105,1
DA:106,1
DA:111,1
DA:113,0
DA:117,1
LF:45
LH:40
BRDA:20,0,0,1
BRDA:20,0,1,1
BRDA:50,1,0,1
BRDA:50,1,1,3
BRDA:62,2,0,1
BRDA:62,2,1,2
BRDA:91,3,0,3
BRDA:91,3,1,1
BRF:8
BRH:8
end_of_record
TN:
SF:controllers\user\index.js
FNF:0
FNH:0
DA:1,1
DA:3,1
DA:5,1
DA:7,1
LF:4
LH:4
BRF:0
BRH:0
end_of_record
TN:
SF:models\user.js
FN:7,(anonymous_0)
FN:40,(anonymous_1)
FNF:2
FNH:0
FNDA:0,(anonymous_0)
FNDA:0,(anonymous_1)
DA:1,1
DA:2,1
DA:3,1
DA:8,0
DA:12,1
DA:41,0
DA:42,0
DA:53,1
LF:8
LH:5
BRF:0
BRH:0
end_of_record
