{"C:\\Users\\TJ\\Desktop\\CODING_ALL\\Node_CLI\\projectforge-cli\\templates\\ts_server_mongo\\src\\app.ts": {"path":"C:\\Users\\TJ\\Desktop\\CODING_ALL\\Node_CLI\\projectforge-cli\\templates\\ts_server_mongo\\src\\app.ts","statementMap":{"0":{"start":{"line":1,"column":0},"end":{"line":1,"column":47}},"1":{"start":{"line":2,"column":0},"end":{"line":2,"column":35}},"2":{"start":{"line":3,"column":0},"end":{"line":3,"column":37}},"3":{"start":{"line":4,"column":0},"end":{"line":4,"column":24}},"4":{"start":{"line":5,"column":0},"end":{"line":5,"column":41}},"5":{"start":{"line":7,"column":25},"end":{"line":7,"column":34}},"6":{"start":{"line":9,"column":0},"end":{"line":9,"column":34}},"7":{"start":{"line":10,"column":0},"end":{"line":10,"column":53}},"8":{"start":{"line":10,"column":31},"end":{"line":10,"column":51}},"9":{"start":{"line":11,"column":0},"end":{"line":11,"column":54}},"10":{"start":{"line":11,"column":22},"end":{"line":11,"column":52}},"11":{"start":{"line":13,"column":0},"end":{"line":13,"column":49}},"12":{"start":{"line":14,"column":0},"end":{"line":14,"column":24}},"13":{"start":{"line":15,"column":0},"end":{"line":18,"column":4}},"14":{"start":{"line":20,"column":0},"end":{"line":20,"column":24}},"15":{"start":{"line":22,"column":0},"end":{"line":22,"column":16}},"16":{"start":{"line":24,"column":0},"end":{"line":24,"column":19}}},"fnMap":{"0":{"name":"(anonymous_1)","decl":{"start":{"line":10,"column":15},"end":{"line":10,"column":16}},"loc":{"start":{"line":10,"column":31},"end":{"line":10,"column":51}}},"1":{"name":"(anonymous_2)","decl":{"start":{"line":11,"column":16},"end":{"line":11,"column":19}},"loc":{"start":{"line":11,"column":22},"end":{"line":11,"column":52}}}},"branchMap":{},"s":{"0":1,"1":1,"2":1,"3":1,"4":1,"5":1,"6":1,"7":1,"8":0,"9":1,"10":1,"11":1,"12":1,"13":1,"14":1,"15":1,"16":1},"f":{"0":0,"1":1},"b":{}}
,"C:\\Users\\TJ\\Desktop\\CODING_ALL\\Node_CLI\\projectforge-cli\\templates\\ts_server_mongo\\src\\config\\connection.ts": {"path":"C:\\Users\\TJ\\Desktop\\CODING_ALL\\Node_CLI\\projectforge-cli\\templates\\ts_server_mongo\\src\\config\\connection.ts","statementMap":{"0":{"start":{"line":6,"column":0},"end":{"line":6,"column":32}},"1":{"start":{"line":9,"column":12},"end":{"line":9,"column":67}},"2":{"start":{"line":12,"column":0},"end":{"line":12,"column":22}},"3":{"start":{"line":15,"column":0},"end":{"line":15,"column":35}}},"fnMap":{},"branchMap":{"0":{"loc":{"start":{"line":9,"column":12},"end":{"line":9,"column":67}},"type":"binary-expr","locations":[{"start":{"line":9,"column":12},"end":{"line":9,"column":35}},{"start":{"line":9,"column":39},"end":{"line":9,"column":67}}]}},"s":{"0":1,"1":1,"2":1,"3":1},"f":{},"b":{"0":[1,1]}}
,"C:\\Users\\TJ\\Desktop\\CODING_ALL\\Node_CLI\\projectforge-cli\\templates\\ts_server_mongo\\src\\controllers\\index.ts": {"path":"C:\\Users\\TJ\\Desktop\\CODING_ALL\\Node_CLI\\projectforge-cli\\templates\\ts_server_mongo\\src\\controllers\\index.ts","statementMap":{"0":{"start":{"line":1,"column":0},"end":{"line":1,"column":30}},"1":{"start":{"line":2,"column":15},"end":{"line":2,"column":31}},"2":{"start":{"line":4,"column":0},"end":{"line":4,"column":32}},"3":{"start":{"line":5,"column":0},"end":{"line":5,"column":30}},"4":{"start":{"line":7,"column":0},"end":{"line":7,"column":32}},"5":{"start":{"line":8,"column":0},"end":{"line":8,"column":30}},"6":{"start":{"line":10,"column":0},"end":{"line":10,"column":22}}},"fnMap":{},"branchMap":{},"s":{"0":1,"1":1,"2":1,"3":1,"4":1,"5":1,"6":1},"f":{},"b":{}}
,"C:\\Users\\TJ\\Desktop\\CODING_ALL\\Node_CLI\\projectforge-cli\\templates\\ts_server_mongo\\src\\controllers\\api\\index.ts": {"path":"C:\\Users\\TJ\\Desktop\\CODING_ALL\\Node_CLI\\projectforge-cli\\templates\\ts_server_mongo\\src\\controllers\\api\\index.ts","statementMap":{"0":{"start":{"line":1,"column":0},"end":{"line":1,"column":30}},"1":{"start":{"line":2,"column":15},"end":{"line":2,"column":31}},"2":{"start":{"line":8,"column":0},"end":{"line":8,"column":22}}},"fnMap":{},"branchMap":{},"s":{"0":1,"1":1,"2":1},"f":{},"b":{}}
,"C:\\Users\\TJ\\Desktop\\CODING_ALL\\Node_CLI\\projectforge-cli\\templates\\ts_server_mongo\\src\\controllers\\user\\auth.ts": {"path":"C:\\Users\\TJ\\Desktop\\CODING_ALL\\Node_CLI\\projectforge-cli\\templates\\ts_server_mongo\\src\\controllers\\user\\auth.ts","statementMap":{"0":{"start":{"line":1,"column":0},"end":{"line":1,"column":52}},"1":{"start":{"line":2,"column":0},"end":{"line":2,"column":55}},"2":{"start":{"line":3,"column":0},"end":{"line":3,"column":34}},"3":{"start":{"line":4,"column":0},"end":{"line":4,"column":28}},"4":{"start":{"line":5,"column":0},"end":{"line":5,"column":16}},"5":{"start":{"line":7,"column":10},"end":{"line":7,"column":33}},"6":{"start":{"line":9,"column":23},"end":{"line":9,"column":31}},"7":{"start":{"line":10,"column":27},"end":{"line":10,"column":29}},"8":{"start":{"line":11,"column":26},"end":{"line":11,"column":45}},"9":{"start":{"line":14,"column":0},"end":{"line":48,"column":3}},"10":{"start":{"line":14,"column":75},"end":{"line":48,"column":2}},"11":{"start":{"line":15,"column":61},"end":{"line":15,"column":69}},"12":{"start":{"line":17,"column":2},"end":{"line":47,"column":3}},"13":{"start":{"line":18,"column":46},"end":{"line":18,"column":75}},"14":{"start":{"line":20,"column":4},"end":{"line":24,"column":5}},"15":{"start":{"line":21,"column":6},"end":{"line":23,"column":66}},"16":{"start":{"line":27,"column":35},"end":{"line":27,"column":74}},"17":{"start":{"line":30,"column":34},"end":{"line":36,"column":6}},"18":{"start":{"line":39,"column":4},"end":{"line":39,"column":25}},"19":{"start":{"line":40,"column":4},"end":{"line":40,"column":36}},"20":{"start":{"line":43,"column":4},"end":{"line":43,"column":77}},"21":{"start":{"line":45,"column":4},"end":{"line":45,"column":48}},"22":{"start":{"line":46,"column":4},"end":{"line":46,"column":70}},"23":{"start":{"line":51,"column":0},"end":{"line":94,"column":3}},"24":{"start":{"line":51,"column":74},"end":{"line":94,"column":2}},"25":{"start":{"line":52,"column":30},"end":{"line":52,"column":38}},"26":{"start":{"line":54,"column":2},"end":{"line":93,"column":3}},"27":{"start":{"line":56,"column":38},"end":{"line":56,"column":67}},"28":{"start":{"line":58,"column":4},"end":{"line":62,"column":5}},"29":{"start":{"line":59,"column":6},"end":{"line":61,"column":61}},"30":{"start":{"line":65,"column":37},"end":{"line":67,"column":null}},"31":{"start":{"line":70,"column":4},"end":{"line":89,"column":5}},"32":{"start":{"line":71,"column":6},"end":{"line":73,"column":61}},"33":{"start":{"line":76,"column":30},"end":{"line":78,"column":8}},"34":{"start":{"line":81,"column":6},"end":{"line":85,"column":9}},"35":{"start":{"line":88,"column":6},"end":{"line":88,"column":67}},"36":{"start":{"line":91,"column":4},"end":{"line":91,"column":48}},"37":{"start":{"line":92,"column":4},"end":{"line":92,"column":70}},"38":{"start":{"line":97,"column":0},"end":{"line":109,"column":3}},"39":{"start":{"line":97,"column":78},"end":{"line":109,"column":2}},"40":{"start":{"line":98,"column":16},"end":{"line":98,"column":35}},"41":{"start":{"line":99,"column":2},"end":{"line":108,"column":3}},"42":{"start":{"line":100,"column":4},"end":{"line":105,"column":5}},"43":{"start":{"line":101,"column":22},"end":{"line":101,"column":50}},"44":{"start":{"line":102,"column":6},"end":{"line":102,"column":74}},"45":{"start":{"line":104,"column":6},"end":{"line":104,"column":68}},"46":{"start":{"line":107,"column":4},"end":{"line":107,"column":59}},"47":{"start":{"line":112,"column":0},"end":{"line":123,"column":3}},"48":{"start":{"line":112,"column":76},"end":{"line":123,"column":2}},"49":{"start":{"line":113,"column":2},"end":{"line":122,"column":3}},"50":{"start":{"line":114,"column":6},"end":{"line":117,"column":9}},"51":{"start":{"line":119,"column":6},"end":{"line":119,"column":61}},"52":{"start":{"line":121,"column":4},"end":{"line":121,"column":null}},"53":{"start":{"line":125,"column":0},"end":{"line":125,"column":22}}},"fnMap":{"0":{"name":"(anonymous_8)","decl":{"start":{"line":14,"column":23},"end":{"line":14,"column":30}},"loc":{"start":{"line":14,"column":75},"end":{"line":48,"column":2}}},"1":{"name":"(anonymous_9)","decl":{"start":{"line":14,"column":75},"end":{"line":14,"column":null}},"loc":{"start":{"line":14,"column":75},"end":{"line":48,"column":1}}},"2":{"name":"(anonymous_10)","decl":{"start":{"line":51,"column":22},"end":{"line":51,"column":29}},"loc":{"start":{"line":51,"column":74},"end":{"line":94,"column":2}}},"3":{"name":"(anonymous_11)","decl":{"start":{"line":51,"column":74},"end":{"line":51,"column":null}},"loc":{"start":{"line":51,"column":74},"end":{"line":94,"column":1}}},"4":{"name":"(anonymous_12)","decl":{"start":{"line":97,"column":26},"end":{"line":97,"column":33}},"loc":{"start":{"line":97,"column":78},"end":{"line":109,"column":2}}},"5":{"name":"(anonymous_13)","decl":{"start":{"line":97,"column":78},"end":{"line":97,"column":null}},"loc":{"start":{"line":97,"column":78},"end":{"line":109,"column":1}}},"6":{"name":"(anonymous_14)","decl":{"start":{"line":112,"column":23},"end":{"line":112,"column":30}},"loc":{"start":{"line":112,"column":76},"end":{"line":123,"column":2}}},"7":{"name":"(anonymous_15)","decl":{"start":{"line":112,"column":76},"end":{"line":112,"column":null}},"loc":{"start":{"line":112,"column":76},"end":{"line":123,"column":1}}}},"branchMap":{"0":{"loc":{"start":{"line":20,"column":4},"end":{"line":24,"column":5}},"type":"if","locations":[{"start":{"line":20,"column":4},"end":{"line":24,"column":5}}]},"1":{"loc":{"start":{"line":58,"column":4},"end":{"line":62,"column":5}},"type":"if","locations":[{"start":{"line":58,"column":4},"end":{"line":62,"column":5}}]},"2":{"loc":{"start":{"line":70,"column":4},"end":{"line":89,"column":5}},"type":"if","locations":[{"start":{"line":70,"column":4},"end":{"line":89,"column":5}},{"start":{"line":74,"column":11},"end":{"line":89,"column":5}}]},"3":{"loc":{"start":{"line":99,"column":2},"end":{"line":108,"column":3}},"type":"if","locations":[{"start":{"line":99,"column":2},"end":{"line":108,"column":3}},{"start":{"line":106,"column":9},"end":{"line":108,"column":3}}]}},"s":{"0":1,"1":1,"2":1,"3":1,"4":1,"5":1,"6":1,"7":1,"8":1,"9":1,"10":2,"11":2,"12":2,"13":2,"14":2,"15":1,"16":1,"17":1,"18":1,"19":1,"20":1,"21":0,"22":0,"23":1,"24":4,"25":4,"26":4,"27":4,"28":4,"29":1,"30":3,"31":3,"32":1,"33":2,"34":2,"35":2,"36":0,"37":0,"38":1,"39":4,"40":4,"41":4,"42":3,"43":3,"44":1,"45":2,"46":1,"47":1,"48":1,"49":1,"50":1,"51":1,"52":0,"53":1},"f":{"0":2,"1":2,"2":4,"3":4,"4":4,"5":4,"6":1,"7":1},"b":{"0":[1],"1":[1],"2":[1,2],"3":[3,1]}}
,"C:\\Users\\TJ\\Desktop\\CODING_ALL\\Node_CLI\\projectforge-cli\\templates\\ts_server_mongo\\src\\controllers\\user\\index.ts": {"path":"C:\\Users\\TJ\\Desktop\\CODING_ALL\\Node_CLI\\projectforge-cli\\templates\\ts_server_mongo\\src\\controllers\\user\\index.ts","statementMap":{"0":{"start":{"line":1,"column":0},"end":{"line":1,"column":30}},"1":{"start":{"line":2,"column":15},"end":{"line":2,"column":31}},"2":{"start":{"line":4,"column":0},"end":{"line":4,"column":32}},"3":{"start":{"line":6,"column":0},"end":{"line":6,"column":32}},"4":{"start":{"line":8,"column":0},"end":{"line":8,"column":22}}},"fnMap":{},"branchMap":{},"s":{"0":1,"1":1,"2":1,"3":1,"4":1},"f":{},"b":{}}
,"C:\\Users\\TJ\\Desktop\\CODING_ALL\\Node_CLI\\projectforge-cli\\templates\\ts_server_mongo\\src\\models\\user.ts": {"path":"C:\\Users\\TJ\\Desktop\\CODING_ALL\\Node_CLI\\projectforge-cli\\templates\\ts_server_mongo\\src\\models\\user.ts","statementMap":{"0":{"start":{"line":3,"column":0},"end":{"line":3,"column":46}},"1":{"start":{"line":5,"column":19},"end":{"line":19,"column":null}},"2":{"start":{"line":32,"column":13},"end":{"line":32,"column":61}},"3":{"start":{"line":34,"column":9},"end":{"line":34,"column":13}}},"fnMap":{},"branchMap":{},"s":{"0":1,"1":1,"2":1,"3":1},"f":{},"b":{}}
}
