TN:
SF:src\app.ts
FN:10,(anonymous_1)
FN:11,(anonymous_2)
FNF:2
FNH:1
FNDA:0,(anonymous_1)
FNDA:1,(anonymous_2)
DA:1,1
DA:2,1
DA:3,1
DA:4,1
DA:5,1
DA:7,1
DA:9,1
DA:10,1
DA:11,1
DA:13,1
DA:14,1
DA:15,1
DA:20,1
DA:22,1
DA:24,1
LF:15
LH:15
BRF:0
BRH:0
end_of_record
TN:
SF:src\config\connection.ts
FNF:0
FNH:0
DA:6,1
DA:9,1
DA:12,1
DA:15,1
LF:4
LH:4
BRDA:9,0,0,1
BRDA:9,0,1,1
BRF:2
BRH:2
end_of_record
TN:
SF:src\controllers\index.ts
FNF:0
FNH:0
DA:1,1
DA:2,1
DA:4,1
DA:5,1
DA:7,1
DA:8,1
DA:10,1
LF:7
LH:7
BRF:0
BRH:0
end_of_record
TN:
SF:src\controllers\api\index.ts
FNF:0
FNH:0
DA:1,1
DA:2,1
DA:8,1
LF:3
LH:3
BRF:0
BRH:0
end_of_record
TN:
SF:src\controllers\user\auth.ts
FN:14,(anonymous_8)
FN:14,(anonymous_9)
FN:51,(anonymous_10)
FN:51,(anonymous_11)
FN:97,(anonymous_12)
FN:97,(anonymous_13)
FN:112,(anonymous_14)
FN:112,(anonymous_15)
FNF:8
FNH:8
FNDA:2,(anonymous_8)
FNDA:2,(anonymous_9)
FNDA:4,(anonymous_10)
FNDA:4,(anonymous_11)
FNDA:4,(anonymous_12)
FNDA:4,(anonymous_13)
FNDA:1,(anonymous_14)
FNDA:1,(anonymous_15)
DA:1,1
DA:2,1
DA:3,1
DA:4,1
DA:5,1
DA:7,1
DA:9,1
DA:10,1
DA:11,1
DA:14,2
DA:15,2
DA:17,2
DA:18,2
DA:20,2
DA:21,1
DA:27,1
DA:30,1
DA:39,1
DA:40,1
DA:43,1
DA:45,0
DA:46,0
DA:51,4
DA:52,4
DA:54,4
DA:56,4
DA:58,4
DA:59,1
DA:65,3
DA:70,3
DA:71,1
DA:76,2
DA:81,2
DA:88,2
DA:91,0
DA:92,0
DA:97,4
DA:98,4
DA:99,4
DA:100,3
DA:101,3
DA:102,1
DA:104,2
DA:107,1
DA:112,1
DA:113,1
DA:114,1
DA:119,1
DA:121,0
DA:125,1
LF:50
LH:45
BRDA:20,0,0,1
BRDA:58,1,0,1
BRDA:70,2,0,1
BRDA:70,2,1,2
BRDA:99,3,0,3
BRDA:99,3,1,1
BRF:6
BRH:6
end_of_record
TN:
SF:src\controllers\user\index.ts
FNF:0
FNH:0
DA:1,1
DA:2,1
DA:4,1
DA:6,1
DA:8,1
LF:5
LH:5
BRF:0
BRH:0
end_of_record
TN:
SF:src\models\user.ts
FNF:0
FNH:0
DA:3,1
DA:5,1
DA:32,1
DA:34,1
LF:4
LH:4
BRF:0
BRH:0
end_of_record
