{"C:\\Users\\TJ\\Desktop\\CODING_ALL\\Node_CLI\\projectforge-cli\\templates\\ts_server_sql\\server.ts": {"path":"C:\\Users\\TJ\\Desktop\\CODING_ALL\\Node_CLI\\projectforge-cli\\templates\\ts_server_sql\\server.ts","statementMap":{"0":{"start":{"line":1,"column":0},"end":{"line":1,"column":60}},"1":{"start":{"line":2,"column":0},"end":{"line":2,"column":35}},"2":{"start":{"line":3,"column":0},"end":{"line":3,"column":44}},"3":{"start":{"line":4,"column":0},"end":{"line":4,"column":24}},"4":{"start":{"line":5,"column":0},"end":{"line":5,"column":41}},"5":{"start":{"line":7,"column":25},"end":{"line":7,"column":34}},"6":{"start":{"line":9,"column":0},"end":{"line":9,"column":34}},"7":{"start":{"line":11,"column":0},"end":{"line":11,"column":49}},"8":{"start":{"line":12,"column":0},"end":{"line":12,"column":24}},"9":{"start":{"line":13,"column":0},"end":{"line":16,"column":4}},"10":{"start":{"line":18,"column":0},"end":{"line":18,"column":24}},"11":{"start":{"line":20,"column":0},"end":{"line":20,"column":16}},"12":{"start":{"line":22,"column":20},"end":{"line":40,"column":4}},"13":{"start":{"line":22,"column":46},"end":{"line":40,"column":4}},"14":{"start":{"line":23,"column":4},"end":{"line":39,"column":5}},"15":{"start":{"line":24,"column":27},"end":{"line":24,"column":72}},"16":{"start":{"line":27,"column":6},"end":{"line":27,"column":37}},"17":{"start":{"line":28,"column":6},"end":{"line":28,"column":83}},"18":{"start":{"line":32,"column":6},"end":{"line":32,"column":45}},"19":{"start":{"line":34,"column":6},"end":{"line":36,"column":9}},"20":{"start":{"line":35,"column":8},"end":{"line":35,"column":54}},"21":{"start":{"line":38,"column":6},"end":{"line":38,"column":65}},"22":{"start":{"line":43,"column":2},"end":{"line":43,"column":16}},"23":{"start":{"line":45,"column":2},"end":{"line":45,"column":21}}},"fnMap":{"0":{"name":"(anonymous_8)","decl":{"start":{"line":22,"column":20},"end":{"line":22,"column":44}},"loc":{"start":{"line":22,"column":46},"end":{"line":40,"column":4}}},"1":{"name":"(anonymous_9)","decl":{"start":{"line":22,"column":46},"end":{"line":22,"column":null}},"loc":{"start":{"line":22,"column":46},"end":{"line":40,"column":3}}},"2":{"name":"(anonymous_10)","decl":{"start":{"line":34,"column":23},"end":{"line":34,"column":26}},"loc":{"start":{"line":34,"column":28},"end":{"line":36,"column":7}}}},"branchMap":{"0":{"loc":{"start":{"line":24,"column":27},"end":{"line":24,"column":72}},"type":"binary-expr","locations":[{"start":{"line":24,"column":27},"end":{"line":24,"column":64}},{"start":{"line":24,"column":68},"end":{"line":24,"column":72}}]}},"s":{"0":1,"1":1,"2":1,"3":1,"4":1,"5":1,"6":1,"7":1,"8":1,"9":1,"10":1,"11":1,"12":1,"13":1,"14":1,"15":1,"16":1,"17":1,"18":1,"19":1,"20":1,"21":0,"22":1,"23":1},"f":{"0":1,"1":1,"2":1},"b":{"0":[1,1]}}
,"C:\\Users\\TJ\\Desktop\\CODING_ALL\\Node_CLI\\projectforge-cli\\templates\\ts_server_sql\\config\\connection.ts": {"path":"C:\\Users\\TJ\\Desktop\\CODING_ALL\\Node_CLI\\projectforge-cli\\templates\\ts_server_sql\\config\\connection.ts","statementMap":{"0":{"start":{"line":1,"column":0},"end":{"line":1,"column":38}},"1":{"start":{"line":2,"column":0},"end":{"line":2,"column":35}},"2":{"start":{"line":4,"column":0},"end":{"line":4,"column":27}},"3":{"start":{"line":6,"column":13},"end":{"line":6,"column":32}},"4":{"start":{"line":7,"column":13},"end":{"line":7,"column":17}},"5":{"start":{"line":8,"column":13},"end":{"line":8,"column":24}},"6":{"start":{"line":9,"column":17},"end":{"line":9,"column":40}},"7":{"start":{"line":10,"column":16},"end":{"line":10,"column":35}},"8":{"start":{"line":21,"column":23},"end":{"line":21,"column":84}},"9":{"start":{"line":22,"column":4},"end":{"line":22,"column":null}},"10":{"start":{"line":24,"column":4},"end":{"line":24,"column":76}},"11":{"start":{"line":25,"column":4},"end":{"line":25,"column":null}},"12":{"start":{"line":27,"column":2},"end":{"line":41,"column":3}},"13":{"start":{"line":28,"column":4},"end":{"line":28,"column":54}},"14":{"start":{"line":31,"column":4},"end":{"line":40,"column":6}},"15":{"start":{"line":43,"column":0},"end":{"line":43,"column":14}},"16":{"start":{"line":45,"column":0},"end":{"line":45,"column":25}}},"fnMap":{"0":{"name":"initalizeDB","decl":{"start":{"line":20,"column":15},"end":{"line":20,"column":26}},"loc":{"start":{"line":20,"column":26},"end":{"line":26,"column":null}}}},"branchMap":{"0":{"loc":{"start":{"line":27,"column":2},"end":{"line":41,"column":3}},"type":"if","locations":[{"start":{"line":27,"column":2},"end":{"line":41,"column":3}},{"start":{"line":29,"column":9},"end":{"line":41,"column":3}}]}},"s":{"0":2,"1":2,"2":2,"3":2,"4":2,"5":2,"6":2,"7":2,"8":2,"9":2,"10":2,"11":2,"12":2,"13":0,"14":2,"15":2,"16":2},"f":{"0":2},"b":{"0":[0,2]}}
,"C:\\Users\\TJ\\Desktop\\CODING_ALL\\Node_CLI\\projectforge-cli\\templates\\ts_server_sql\\controllers\\index.ts": {"path":"C:\\Users\\TJ\\Desktop\\CODING_ALL\\Node_CLI\\projectforge-cli\\templates\\ts_server_sql\\controllers\\index.ts","statementMap":{"0":{"start":{"line":1,"column":0},"end":{"line":1,"column":30}},"1":{"start":{"line":2,"column":15},"end":{"line":2,"column":31}},"2":{"start":{"line":4,"column":0},"end":{"line":4,"column":32}},"3":{"start":{"line":5,"column":0},"end":{"line":5,"column":30}},"4":{"start":{"line":7,"column":0},"end":{"line":7,"column":32}},"5":{"start":{"line":8,"column":0},"end":{"line":8,"column":30}},"6":{"start":{"line":10,"column":0},"end":{"line":10,"column":22}}},"fnMap":{},"branchMap":{},"s":{"0":1,"1":1,"2":1,"3":1,"4":1,"5":1,"6":1},"f":{},"b":{}}
,"C:\\Users\\TJ\\Desktop\\CODING_ALL\\Node_CLI\\projectforge-cli\\templates\\ts_server_sql\\controllers\\api\\index.ts": {"path":"C:\\Users\\TJ\\Desktop\\CODING_ALL\\Node_CLI\\projectforge-cli\\templates\\ts_server_sql\\controllers\\api\\index.ts","statementMap":{"0":{"start":{"line":1,"column":0},"end":{"line":1,"column":30}},"1":{"start":{"line":2,"column":15},"end":{"line":2,"column":31}},"2":{"start":{"line":8,"column":0},"end":{"line":8,"column":22}}},"fnMap":{},"branchMap":{},"s":{"0":1,"1":1,"2":1},"f":{},"b":{}}
,"C:\\Users\\TJ\\Desktop\\CODING_ALL\\Node_CLI\\projectforge-cli\\templates\\ts_server_sql\\controllers\\user\\auth.ts": {"path":"C:\\Users\\TJ\\Desktop\\CODING_ALL\\Node_CLI\\projectforge-cli\\templates\\ts_server_sql\\controllers\\user\\auth.ts","statementMap":{"0":{"start":{"line":1,"column":0},"end":{"line":1,"column":52}},"1":{"start":{"line":2,"column":0},"end":{"line":2,"column":41}},"2":{"start":{"line":3,"column":0},"end":{"line":3,"column":34}},"3":{"start":{"line":4,"column":0},"end":{"line":4,"column":28}},"4":{"start":{"line":5,"column":0},"end":{"line":5,"column":16}},"5":{"start":{"line":7,"column":10},"end":{"line":7,"column":33}},"6":{"start":{"line":9,"column":23},"end":{"line":9,"column":31}},"7":{"start":{"line":11,"column":26},"end":{"line":11,"column":45}},"8":{"start":{"line":14,"column":0},"end":{"line":38,"column":3}},"9":{"start":{"line":14,"column":75},"end":{"line":38,"column":2}},"10":{"start":{"line":15,"column":2},"end":{"line":37,"column":3}},"11":{"start":{"line":16,"column":31},"end":{"line":18,"column":6}},"12":{"start":{"line":20,"column":4},"end":{"line":24,"column":5}},"13":{"start":{"line":21,"column":6},"end":{"line":23,"column":66}},"14":{"start":{"line":27,"column":4},"end":{"line":27,"column":null}},"15":{"start":{"line":30,"column":4},"end":{"line":30,"column":36}},"16":{"start":{"line":33,"column":4},"end":{"line":33,"column":77}},"17":{"start":{"line":35,"column":4},"end":{"line":35,"column":48}},"18":{"start":{"line":36,"column":4},"end":{"line":36,"column":70}},"19":{"start":{"line":41,"column":0},"end":{"line":86,"column":3}},"20":{"start":{"line":41,"column":74},"end":{"line":86,"column":2}},"21":{"start":{"line":42,"column":30},"end":{"line":42,"column":38}},"22":{"start":{"line":44,"column":2},"end":{"line":85,"column":3}},"23":{"start":{"line":46,"column":23},"end":{"line":48,"column":6}},"24":{"start":{"line":50,"column":4},"end":{"line":54,"column":5}},"25":{"start":{"line":51,"column":6},"end":{"line":53,"column":61}},"26":{"start":{"line":57,"column":37},"end":{"line":59,"column":null}},"27":{"start":{"line":62,"column":4},"end":{"line":81,"column":5}},"28":{"start":{"line":63,"column":6},"end":{"line":65,"column":61}},"29":{"start":{"line":68,"column":30},"end":{"line":70,"column":8}},"30":{"start":{"line":73,"column":6},"end":{"line":77,"column":9}},"31":{"start":{"line":80,"column":6},"end":{"line":80,"column":67}},"32":{"start":{"line":83,"column":4},"end":{"line":83,"column":48}},"33":{"start":{"line":84,"column":4},"end":{"line":84,"column":70}},"34":{"start":{"line":89,"column":0},"end":{"line":101,"column":3}},"35":{"start":{"line":89,"column":78},"end":{"line":101,"column":2}},"36":{"start":{"line":90,"column":24},"end":{"line":90,"column":50}},"37":{"start":{"line":91,"column":2},"end":{"line":100,"column":3}},"38":{"start":{"line":92,"column":4},"end":{"line":97,"column":5}},"39":{"start":{"line":93,"column":27},"end":{"line":93,"column":55}},"40":{"start":{"line":94,"column":6},"end":{"line":94,"column":74}},"41":{"start":{"line":96,"column":6},"end":{"line":96,"column":68}},"42":{"start":{"line":99,"column":4},"end":{"line":99,"column":59}},"43":{"start":{"line":104,"column":0},"end":{"line":115,"column":3}},"44":{"start":{"line":104,"column":76},"end":{"line":115,"column":2}},"45":{"start":{"line":105,"column":2},"end":{"line":114,"column":3}},"46":{"start":{"line":106,"column":6},"end":{"line":109,"column":9}},"47":{"start":{"line":111,"column":6},"end":{"line":111,"column":61}},"48":{"start":{"line":113,"column":4},"end":{"line":113,"column":null}},"49":{"start":{"line":117,"column":0},"end":{"line":117,"column":22}}},"fnMap":{"0":{"name":"(anonymous_8)","decl":{"start":{"line":14,"column":23},"end":{"line":14,"column":30}},"loc":{"start":{"line":14,"column":75},"end":{"line":38,"column":2}}},"1":{"name":"(anonymous_9)","decl":{"start":{"line":14,"column":75},"end":{"line":14,"column":null}},"loc":{"start":{"line":14,"column":75},"end":{"line":38,"column":1}}},"2":{"name":"(anonymous_10)","decl":{"start":{"line":41,"column":22},"end":{"line":41,"column":29}},"loc":{"start":{"line":41,"column":74},"end":{"line":86,"column":2}}},"3":{"name":"(anonymous_11)","decl":{"start":{"line":41,"column":74},"end":{"line":41,"column":null}},"loc":{"start":{"line":41,"column":74},"end":{"line":86,"column":1}}},"4":{"name":"(anonymous_12)","decl":{"start":{"line":89,"column":26},"end":{"line":89,"column":33}},"loc":{"start":{"line":89,"column":78},"end":{"line":101,"column":2}}},"5":{"name":"(anonymous_13)","decl":{"start":{"line":89,"column":78},"end":{"line":89,"column":null}},"loc":{"start":{"line":89,"column":78},"end":{"line":101,"column":1}}},"6":{"name":"(anonymous_14)","decl":{"start":{"line":104,"column":23},"end":{"line":104,"column":30}},"loc":{"start":{"line":104,"column":76},"end":{"line":115,"column":2}}},"7":{"name":"(anonymous_15)","decl":{"start":{"line":104,"column":76},"end":{"line":104,"column":null}},"loc":{"start":{"line":104,"column":76},"end":{"line":115,"column":1}}}},"branchMap":{"0":{"loc":{"start":{"line":20,"column":4},"end":{"line":24,"column":5}},"type":"if","locations":[{"start":{"line":20,"column":4},"end":{"line":24,"column":5}}]},"1":{"loc":{"start":{"line":50,"column":4},"end":{"line":54,"column":5}},"type":"if","locations":[{"start":{"line":50,"column":4},"end":{"line":54,"column":5}}]},"2":{"loc":{"start":{"line":62,"column":4},"end":{"line":81,"column":5}},"type":"if","locations":[{"start":{"line":62,"column":4},"end":{"line":81,"column":5}},{"start":{"line":66,"column":11},"end":{"line":81,"column":5}}]},"3":{"loc":{"start":{"line":91,"column":2},"end":{"line":100,"column":3}},"type":"if","locations":[{"start":{"line":91,"column":2},"end":{"line":100,"column":3}},{"start":{"line":98,"column":9},"end":{"line":100,"column":3}}]}},"s":{"0":1,"1":1,"2":1,"3":1,"4":1,"5":1,"6":1,"7":1,"8":1,"9":2,"10":2,"11":2,"12":2,"13":1,"14":1,"15":1,"16":1,"17":0,"18":0,"19":1,"20":4,"21":4,"22":4,"23":4,"24":4,"25":1,"26":3,"27":3,"28":1,"29":2,"30":2,"31":2,"32":0,"33":0,"34":1,"35":4,"36":4,"37":4,"38":3,"39":3,"40":1,"41":2,"42":1,"43":1,"44":1,"45":1,"46":1,"47":1,"48":0,"49":1},"f":{"0":2,"1":2,"2":4,"3":4,"4":4,"5":4,"6":1,"7":1},"b":{"0":[1],"1":[1],"2":[1,2],"3":[3,1]}}
,"C:\\Users\\TJ\\Desktop\\CODING_ALL\\Node_CLI\\projectforge-cli\\templates\\ts_server_sql\\controllers\\user\\index.ts": {"path":"C:\\Users\\TJ\\Desktop\\CODING_ALL\\Node_CLI\\projectforge-cli\\templates\\ts_server_sql\\controllers\\user\\index.ts","statementMap":{"0":{"start":{"line":1,"column":0},"end":{"line":1,"column":30}},"1":{"start":{"line":2,"column":15},"end":{"line":2,"column":31}},"2":{"start":{"line":4,"column":0},"end":{"line":4,"column":32}},"3":{"start":{"line":6,"column":0},"end":{"line":6,"column":32}},"4":{"start":{"line":8,"column":0},"end":{"line":8,"column":22}}},"fnMap":{},"branchMap":{},"s":{"0":1,"1":1,"2":1,"3":1,"4":1},"f":{},"b":{}}
,"C:\\Users\\TJ\\Desktop\\CODING_ALL\\Node_CLI\\projectforge-cli\\templates\\ts_server_sql\\models\\user.ts": {"path":"C:\\Users\\TJ\\Desktop\\CODING_ALL\\Node_CLI\\projectforge-cli\\templates\\ts_server_sql\\models\\user.ts","statementMap":{"0":{"start":{"line":1,"column":0},"end":{"line":1,"column":45}},"1":{"start":{"line":2,"column":0},"end":{"line":2,"column":28}},"2":{"start":{"line":3,"column":0},"end":{"line":3,"column":45}},"3":{"start":{"line":21,"column":4},"end":{"line":21,"column":60}},"4":{"start":{"line":13,"column":0},"end":{"line":13,"column":13}},"5":{"start":{"line":25,"column":0},"end":{"line":64,"column":2}},"6":{"start":{"line":53,"column":47},"end":{"line":56,"column":null}},"7":{"start":{"line":54,"column":8},"end":{"line":54,"column":75}},"8":{"start":{"line":55,"column":8},"end":{"line":55,"column":27}},"9":{"start":{"line":66,"column":0},"end":{"line":66,"column":20}}},"fnMap":{"0":{"name":"(anonymous_8)","decl":{"start":{"line":20,"column":2},"end":{"line":20,"column":15}},"loc":{"start":{"line":20,"column":37},"end":{"line":22,"column":3}}},"1":{"name":"(anonymous_9)","decl":{"start":{"line":53,"column":20},"end":{"line":53,"column":27}},"loc":{"start":{"line":53,"column":47},"end":{"line":56,"column":null}}},"2":{"name":"(anonymous_10)","decl":{"start":{"line":53,"column":47},"end":{"line":53,"column":null}},"loc":{"start":{"line":53,"column":47},"end":{"line":56,"column":7}}}},"branchMap":{},"s":{"0":1,"1":1,"2":1,"3":0,"4":1,"5":1,"6":0,"7":0,"8":0,"9":1},"f":{"0":0,"1":0,"2":0},"b":{}}
}
