TN:
SF:server.ts
FN:24,(anonymous_8)
FN:24,(anonymous_9)
FN:36,(anonymous_10)
FNF:3
FNH:3
FNDA:1,(anonymous_8)
FNDA:1,(anonymous_9)
FNDA:1,(anonymous_10)
DA:1,1
DA:2,1
DA:3,1
DA:4,1
DA:5,1
DA:7,1
DA:11,1
DA:13,1
DA:14,1
DA:15,1
DA:20,1
DA:22,1
DA:24,1
DA:25,1
DA:26,1
DA:29,1
DA:30,1
DA:34,1
DA:36,1
DA:37,1
DA:40,0
DA:45,1
DA:47,1
LF:23
LH:22
BRDA:26,0,0,1
BRDA:26,0,1,1
BRF:2
BRH:2
end_of_record
TN:
SF:config\connection.ts
FN:20,initalizeDB
FNF:1
FNH:1
FNDA:2,initalizeDB
DA:1,2
DA:2,2
DA:4,2
DA:6,2
DA:7,2
DA:8,2
DA:9,2
DA:10,2
DA:21,2
DA:22,2
DA:24,2
DA:25,2
DA:27,2
DA:28,0
DA:31,2
DA:43,2
DA:45,2
LF:17
LH:16
BRDA:27,0,0,0
BRDA:27,0,1,2
BRF:2
BRH:1
end_of_record
TN:
SF:controllers\index.ts
FNF:0
FNH:0
DA:1,1
DA:2,1
DA:4,1
DA:5,1
DA:7,1
DA:8,1
DA:10,1
LF:7
LH:7
BRF:0
BRH:0
end_of_record
TN:
SF:controllers\api\index.ts
FNF:0
FNH:0
DA:1,1
DA:2,1
DA:8,1
LF:3
LH:3
BRF:0
BRH:0
end_of_record
TN:
SF:controllers\user\auth.ts
FN:14,(anonymous_8)
FN:14,(anonymous_9)
FN:41,(anonymous_10)
FN:41,(anonymous_11)
FN:89,(anonymous_12)
FN:89,(anonymous_13)
FN:104,(anonymous_14)
FN:104,(anonymous_15)
FNF:8
FNH:8
FNDA:2,(anonymous_8)
FNDA:2,(anonymous_9)
FNDA:4,(anonymous_10)
FNDA:4,(anonymous_11)
FNDA:4,(anonymous_12)
FNDA:4,(anonymous_13)
FNDA:1,(anonymous_14)
FNDA:1,(anonymous_15)
DA:1,1
DA:2,1
DA:3,1
DA:4,1
DA:5,1
DA:7,1
DA:9,1
DA:11,1
DA:14,2
DA:15,2
DA:16,2
DA:20,2
DA:21,1
DA:27,1
DA:30,1
DA:33,1
DA:35,0
DA:36,0
DA:41,4
DA:42,4
DA:44,4
DA:46,4
DA:50,4
DA:51,1
DA:57,3
DA:62,3
DA:63,1
DA:68,2
DA:73,2
DA:80,2
DA:83,0
DA:84,0
DA:89,4
DA:90,4
DA:91,4
DA:92,3
DA:93,3
DA:94,1
DA:96,2
DA:99,1
DA:104,1
DA:105,1
DA:106,1
DA:111,1
DA:113,0
DA:117,1
LF:46
LH:41
BRDA:20,0,0,1
BRDA:50,1,0,1
BRDA:62,2,0,1
BRDA:62,2,1,2
BRDA:91,3,0,3
BRDA:91,3,1,1
BRF:6
BRH:6
end_of_record
TN:
SF:controllers\user\index.ts
FNF:0
FNH:0
DA:1,1
DA:2,1
DA:4,1
DA:6,1
DA:8,1
LF:5
LH:5
BRF:0
BRH:0
end_of_record
TN:
SF:models\user.ts
FN:20,(anonymous_8)
FN:53,(anonymous_9)
FN:53,(anonymous_10)
FNF:3
FNH:0
FNDA:0,(anonymous_8)
FNDA:0,(anonymous_9)
FNDA:0,(anonymous_10)
DA:1,1
DA:2,1
DA:3,1
DA:13,1
DA:21,0
DA:25,1
DA:53,0
DA:54,0
DA:55,0
DA:66,1
LF:10
LH:6
BRF:0
BRH:0
end_of_record
