{"C:\\Users\\TJ\\Desktop\\CODING_ALL\\Node_CLI\\projectforge-cli\\templates\\js_server_mongo\\app.js": {"path":"C:\\Users\\TJ\\Desktop\\CODING_ALL\\Node_CLI\\projectforge-cli\\templates\\js_server_mongo\\app.js","statementMap":{"0":{"start":{"line":1,"column":16},"end":{"line":1,"column":34}},"1":{"start":{"line":2,"column":15},"end":{"line":2,"column":39}},"2":{"start":{"line":3,"column":11},"end":{"line":3,"column":41}},"3":{"start":{"line":4,"column":13},"end":{"line":4,"column":28}},"4":{"start":{"line":5,"column":21},"end":{"line":5,"column":45}},"5":{"start":{"line":7,"column":12},"end":{"line":7,"column":21}},"6":{"start":{"line":9,"column":0},"end":{"line":9,"column":34}},"7":{"start":{"line":10,"column":0},"end":{"line":10,"column":48}},"8":{"start":{"line":10,"column":26},"end":{"line":10,"column":46}},"9":{"start":{"line":11,"column":0},"end":{"line":11,"column":54}},"10":{"start":{"line":11,"column":22},"end":{"line":11,"column":52}},"11":{"start":{"line":13,"column":0},"end":{"line":13,"column":49}},"12":{"start":{"line":14,"column":0},"end":{"line":14,"column":24}},"13":{"start":{"line":15,"column":0},"end":{"line":18,"column":4}},"14":{"start":{"line":20,"column":0},"end":{"line":20,"column":24}},"15":{"start":{"line":22,"column":0},"end":{"line":22,"column":16}},"16":{"start":{"line":24,"column":0},"end":{"line":24,"column":21}}},"fnMap":{"0":{"name":"(anonymous_0)","decl":{"start":{"line":10,"column":15},"end":{"line":10,"column":16}},"loc":{"start":{"line":10,"column":26},"end":{"line":10,"column":46}},"line":10},"1":{"name":"(anonymous_1)","decl":{"start":{"line":11,"column":16},"end":{"line":11,"column":17}},"loc":{"start":{"line":11,"column":22},"end":{"line":11,"column":52}},"line":11}},"branchMap":{},"s":{"0":1,"1":1,"2":1,"3":1,"4":1,"5":1,"6":1,"7":1,"8":0,"9":1,"10":1,"11":1,"12":1,"13":1,"14":1,"15":1,"16":1},"f":{"0":0,"1":1},"b":{},"_coverageSchema":"1a1c01bbd47fc00a2c39e90264f33305004495a9","hash":"84943c9ede692599b0ed2bfa6c87ce4207287907"}
,"C:\\Users\\TJ\\Desktop\\CODING_ALL\\Node_CLI\\projectforge-cli\\templates\\js_server_mongo\\config\\connection.js": {"path":"C:\\Users\\TJ\\Desktop\\CODING_ALL\\Node_CLI\\projectforge-cli\\templates\\js_server_mongo\\config\\connection.js","statementMap":{"0":{"start":{"line":6,"column":17},"end":{"line":6,"column":36}},"1":{"start":{"line":9,"column":12},"end":{"line":9,"column":67}},"2":{"start":{"line":12,"column":0},"end":{"line":12,"column":22}},"3":{"start":{"line":15,"column":0},"end":{"line":15,"column":37}}},"fnMap":{},"branchMap":{"0":{"loc":{"start":{"line":9,"column":12},"end":{"line":9,"column":67}},"type":"binary-expr","locations":[{"start":{"line":9,"column":12},"end":{"line":9,"column":35}},{"start":{"line":9,"column":39},"end":{"line":9,"column":67}}],"line":9}},"s":{"0":1,"1":1,"2":1,"3":1},"f":{},"b":{"0":[1,1]},"_coverageSchema":"1a1c01bbd47fc00a2c39e90264f33305004495a9","hash":"ec9d60865382a22760bbef694845d0f71d5471d0"}
,"C:\\Users\\TJ\\Desktop\\CODING_ALL\\Node_CLI\\projectforge-cli\\templates\\js_server_mongo\\controllers\\index.js": {"path":"C:\\Users\\TJ\\Desktop\\CODING_ALL\\Node_CLI\\projectforge-cli\\templates\\js_server_mongo\\controllers\\index.js","statementMap":{"0":{"start":{"line":1,"column":15},"end":{"line":1,"column":42}},"1":{"start":{"line":3,"column":19},"end":{"line":3,"column":36}},"2":{"start":{"line":4,"column":18},"end":{"line":4,"column":34}},"3":{"start":{"line":6,"column":0},"end":{"line":6,"column":32}},"4":{"start":{"line":7,"column":0},"end":{"line":7,"column":30}},"5":{"start":{"line":9,"column":0},"end":{"line":9,"column":24}}},"fnMap":{},"branchMap":{},"s":{"0":1,"1":1,"2":1,"3":1,"4":1,"5":1},"f":{},"b":{},"_coverageSchema":"1a1c01bbd47fc00a2c39e90264f33305004495a9","hash":"fa6b659123a4858b5256debb103924a80bd9d1c7"}
,"C:\\Users\\TJ\\Desktop\\CODING_ALL\\Node_CLI\\projectforge-cli\\templates\\js_server_mongo\\controllers\\api\\index.js": {"path":"C:\\Users\\TJ\\Desktop\\CODING_ALL\\Node_CLI\\projectforge-cli\\templates\\js_server_mongo\\controllers\\api\\index.js","statementMap":{"0":{"start":{"line":2,"column":15},"end":{"line":2,"column":42}},"1":{"start":{"line":6,"column":0},"end":{"line":6,"column":24}}},"fnMap":{},"branchMap":{},"s":{"0":1,"1":1},"f":{},"b":{},"_coverageSchema":"1a1c01bbd47fc00a2c39e90264f33305004495a9","hash":"eecb90afb469d49fc75b20ab9238aee07c0653d0"}
,"C:\\Users\\TJ\\Desktop\\CODING_ALL\\Node_CLI\\projectforge-cli\\templates\\js_server_mongo\\controllers\\user\\auth.js": {"path":"C:\\Users\\TJ\\Desktop\\CODING_ALL\\Node_CLI\\projectforge-cli\\templates\\js_server_mongo\\controllers\\user\\auth.js","statementMap":{"0":{"start":{"line":1,"column":15},"end":{"line":1,"column":42}},"1":{"start":{"line":2,"column":13},"end":{"line":2,"column":41}},"2":{"start":{"line":3,"column":0},"end":{"line":3,"column":27}},"3":{"start":{"line":4,"column":15},"end":{"line":4,"column":32}},"4":{"start":{"line":6,"column":10},"end":{"line":6,"column":33}},"5":{"start":{"line":8,"column":19},"end":{"line":8,"column":21}},"6":{"start":{"line":9,"column":18},"end":{"line":9,"column":37}},"7":{"start":{"line":12,"column":0},"end":{"line":46,"column":3}},"8":{"start":{"line":13,"column":61},"end":{"line":13,"column":69}},"9":{"start":{"line":15,"column":2},"end":{"line":45,"column":3}},"10":{"start":{"line":16,"column":25},"end":{"line":16,"column":54}},"11":{"start":{"line":18,"column":4},"end":{"line":22,"column":5}},"12":{"start":{"line":19,"column":6},"end":{"line":21,"column":66}},"13":{"start":{"line":25,"column":27},"end":{"line":25,"column":66}},"14":{"start":{"line":28,"column":20},"end":{"line":34,"column":6}},"15":{"start":{"line":37,"column":4},"end":{"line":37,"column":25}},"16":{"start":{"line":38,"column":4},"end":{"line":38,"column":36}},"17":{"start":{"line":41,"column":4},"end":{"line":41,"column":77}},"18":{"start":{"line":43,"column":4},"end":{"line":43,"column":48}},"19":{"start":{"line":44,"column":4},"end":{"line":44,"column":70}},"20":{"start":{"line":49,"column":0},"end":{"line":92,"column":3}},"21":{"start":{"line":50,"column":30},"end":{"line":50,"column":38}},"22":{"start":{"line":52,"column":2},"end":{"line":91,"column":3}},"23":{"start":{"line":54,"column":17},"end":{"line":54,"column":46}},"24":{"start":{"line":56,"column":4},"end":{"line":60,"column":5}},"25":{"start":{"line":57,"column":6},"end":{"line":59,"column":61}},"26":{"start":{"line":63,"column":28},"end":{"line":66,"column":5}},"27":{"start":{"line":68,"column":4},"end":{"line":87,"column":5}},"28":{"start":{"line":69,"column":6},"end":{"line":71,"column":61}},"29":{"start":{"line":74,"column":22},"end":{"line":76,"column":8}},"30":{"start":{"line":79,"column":6},"end":{"line":83,"column":9}},"31":{"start":{"line":86,"column":6},"end":{"line":86,"column":67}},"32":{"start":{"line":89,"column":4},"end":{"line":89,"column":48}},"33":{"start":{"line":90,"column":4},"end":{"line":90,"column":70}},"34":{"start":{"line":95,"column":0},"end":{"line":107,"column":3}},"35":{"start":{"line":96,"column":16},"end":{"line":96,"column":42}},"36":{"start":{"line":97,"column":2},"end":{"line":106,"column":3}},"37":{"start":{"line":98,"column":4},"end":{"line":103,"column":5}},"38":{"start":{"line":99,"column":22},"end":{"line":99,"column":50}},"39":{"start":{"line":100,"column":6},"end":{"line":100,"column":74}},"40":{"start":{"line":102,"column":6},"end":{"line":102,"column":68}},"41":{"start":{"line":105,"column":4},"end":{"line":105,"column":59}},"42":{"start":{"line":110,"column":0},"end":{"line":121,"column":3}},"43":{"start":{"line":111,"column":2},"end":{"line":120,"column":3}},"44":{"start":{"line":112,"column":6},"end":{"line":115,"column":9}},"45":{"start":{"line":117,"column":6},"end":{"line":117,"column":61}},"46":{"start":{"line":119,"column":4},"end":{"line":119,"column":60}},"47":{"start":{"line":123,"column":0},"end":{"line":123,"column":24}}},"fnMap":{"0":{"name":"(anonymous_0)","decl":{"start":{"line":12,"column":23},"end":{"line":12,"column":24}},"loc":{"start":{"line":12,"column":43},"end":{"line":46,"column":1}},"line":12},"1":{"name":"(anonymous_1)","decl":{"start":{"line":49,"column":22},"end":{"line":49,"column":23}},"loc":{"start":{"line":49,"column":42},"end":{"line":92,"column":1}},"line":49},"2":{"name":"(anonymous_2)","decl":{"start":{"line":95,"column":26},"end":{"line":95,"column":27}},"loc":{"start":{"line":95,"column":46},"end":{"line":107,"column":1}},"line":95},"3":{"name":"(anonymous_3)","decl":{"start":{"line":110,"column":23},"end":{"line":110,"column":24}},"loc":{"start":{"line":110,"column":43},"end":{"line":121,"column":1}},"line":110}},"branchMap":{"0":{"loc":{"start":{"line":18,"column":4},"end":{"line":22,"column":5}},"type":"if","locations":[{"start":{"line":18,"column":4},"end":{"line":22,"column":5}},{"start":{},"end":{}}],"line":18},"1":{"loc":{"start":{"line":56,"column":4},"end":{"line":60,"column":5}},"type":"if","locations":[{"start":{"line":56,"column":4},"end":{"line":60,"column":5}},{"start":{},"end":{}}],"line":56},"2":{"loc":{"start":{"line":68,"column":4},"end":{"line":87,"column":5}},"type":"if","locations":[{"start":{"line":68,"column":4},"end":{"line":87,"column":5}},{"start":{"line":72,"column":11},"end":{"line":87,"column":5}}],"line":68},"3":{"loc":{"start":{"line":97,"column":2},"end":{"line":106,"column":3}},"type":"if","locations":[{"start":{"line":97,"column":2},"end":{"line":106,"column":3}},{"start":{"line":104,"column":9},"end":{"line":106,"column":3}}],"line":97}},"s":{"0":1,"1":1,"2":1,"3":1,"4":1,"5":1,"6":1,"7":1,"8":2,"9":2,"10":2,"11":2,"12":1,"13":1,"14":1,"15":1,"16":1,"17":1,"18":0,"19":0,"20":1,"21":4,"22":4,"23":4,"24":4,"25":1,"26":3,"27":3,"28":1,"29":2,"30":2,"31":2,"32":0,"33":0,"34":1,"35":4,"36":4,"37":3,"38":3,"39":1,"40":2,"41":1,"42":1,"43":1,"44":1,"45":1,"46":0,"47":1},"f":{"0":2,"1":4,"2":4,"3":1},"b":{"0":[1,1],"1":[1,3],"2":[1,2],"3":[3,1]},"_coverageSchema":"1a1c01bbd47fc00a2c39e90264f33305004495a9","hash":"39a9b159e968fe951640e70b23b19e3053bde70d"}
,"C:\\Users\\TJ\\Desktop\\CODING_ALL\\Node_CLI\\projectforge-cli\\templates\\js_server_mongo\\controllers\\user\\index.js": {"path":"C:\\Users\\TJ\\Desktop\\CODING_ALL\\Node_CLI\\projectforge-cli\\templates\\js_server_mongo\\controllers\\user\\index.js","statementMap":{"0":{"start":{"line":1,"column":15},"end":{"line":1,"column":42}},"1":{"start":{"line":3,"column":19},"end":{"line":3,"column":36}},"2":{"start":{"line":5,"column":0},"end":{"line":5,"column":32}},"3":{"start":{"line":7,"column":0},"end":{"line":7,"column":24}}},"fnMap":{},"branchMap":{},"s":{"0":1,"1":1,"2":1,"3":1},"f":{},"b":{},"_coverageSchema":"1a1c01bbd47fc00a2c39e90264f33305004495a9","hash":"abebabfe3c438f92759e331e0d6f1b1750ef001b"}
,"C:\\Users\\TJ\\Desktop\\CODING_ALL\\Node_CLI\\projectforge-cli\\templates\\js_server_mongo\\models\\user.js": {"path":"C:\\Users\\TJ\\Desktop\\CODING_ALL\\Node_CLI\\projectforge-cli\\templates\\js_server_mongo\\models\\user.js","statementMap":{"0":{"start":{"line":2,"column":18},"end":{"line":2,"column":37}},"1":{"start":{"line":4,"column":19},"end":{"line":19,"column":1}},"2":{"start":{"line":21,"column":13},"end":{"line":21,"column":47}},"3":{"start":{"line":23,"column":0},"end":{"line":23,"column":22}}},"fnMap":{},"branchMap":{},"s":{"0":1,"1":1,"2":1,"3":1},"f":{},"b":{},"_coverageSchema":"1a1c01bbd47fc00a2c39e90264f33305004495a9","hash":"284b62909ade71ce85e0edfe6419dbe9e11f3dc1"}
}
