TN:
SF:app.js
FN:10,(anonymous_0)
FN:11,(anonymous_1)
FNF:2
FNH:1
FNDA:0,(anonymous_0)
FNDA:1,(anonymous_1)
DA:1,1
DA:2,1
DA:3,1
DA:4,1
DA:5,1
DA:7,1
DA:9,1
DA:10,1
DA:11,1
DA:13,1
DA:14,1
DA:15,1
DA:20,1
DA:22,1
DA:24,1
LF:15
LH:15
BRF:0
BRH:0
end_of_record
TN:
SF:config\connection.js
FNF:0
FNH:0
DA:6,1
DA:9,1
DA:12,1
DA:15,1
LF:4
LH:4
BRDA:9,0,0,1
BRDA:9,0,1,1
BRF:2
BRH:2
end_of_record
TN:
SF:controllers\index.js
FNF:0
FNH:0
DA:1,1
DA:3,1
DA:4,1
DA:6,1
DA:7,1
DA:9,1
LF:6
LH:6
BRF:0
BRH:0
end_of_record
TN:
SF:controllers\api\index.js
FNF:0
FNH:0
DA:2,1
DA:6,1
LF:2
LH:2
BRF:0
BRH:0
end_of_record
TN:
SF:controllers\user\auth.js
FN:12,(anonymous_0)
FN:49,(anonymous_1)
FN:95,(anonymous_2)
FN:110,(anonymous_3)
FNF:4
FNH:4
FNDA:2,(anonymous_0)
FNDA:4,(anonymous_1)
FNDA:4,(anonymous_2)
FNDA:1,(anonymous_3)
DA:1,1
DA:2,1
DA:3,1
DA:4,1
DA:6,1
DA:8,1
DA:9,1
DA:12,1
DA:13,2
DA:15,2
DA:16,2
DA:18,2
DA:19,1
DA:25,1
DA:28,1
DA:37,1
DA:38,1
DA:41,1
DA:43,0
DA:44,0
DA:49,1
DA:50,4
DA:52,4
DA:54,4
DA:56,4
DA:57,1
DA:63,3
DA:68,3
DA:69,1
DA:74,2
DA:79,2
DA:86,2
DA:89,0
DA:90,0
DA:95,1
DA:96,4
DA:97,4
DA:98,3
DA:99,3
DA:100,1
DA:102,2
DA:105,1
DA:110,1
DA:111,1
DA:112,1
DA:117,1
DA:119,0
DA:123,1
LF:48
LH:43
BRDA:18,0,0,1
BRDA:18,0,1,1
BRDA:56,1,0,1
BRDA:56,1,1,3
BRDA:68,2,0,1
BRDA:68,2,1,2
BRDA:97,3,0,3
BRDA:97,3,1,1
BRF:8
BRH:8
end_of_record
TN:
SF:controllers\user\index.js
FNF:0
FNH:0
DA:1,1
DA:3,1
DA:5,1
DA:7,1
LF:4
LH:4
BRF:0
BRH:0
end_of_record
TN:
SF:models\user.js
FNF:0
FNH:0
DA:2,1
DA:4,1
DA:21,1
DA:23,1
LF:4
LH:4
BRF:0
BRH:0
end_of_record
